<?xml version="1.0" encoding="UTF-8"?>
<testng-results skipped="0" failed="0" ignored="0" total="1" passed="1">
  <reporter-output>
  </reporter-output>
  <suite name="Default suite" duration-ms="8399" started-at="2020-06-30T15:06:01 IST" finished-at="2020-06-30T15:06:10 IST">
    <groups>
    </groups>
    <test name="Default test" duration-ms="8399" started-at="2020-06-30T15:06:01 IST" finished-at="2020-06-30T15:06:10 IST">
      <class name="fr.myGroupId.ExtendedReportDemo">
        <test-method status="PASS" signature="config()[pri:0, instance:fr.myGroupId.ExtendedReportDemo@3fd7a715]" name="config" is-config="true" duration-ms="124" started-at="2020-06-30T15:06:01 IST" finished-at="2020-06-30T15:06:02 IST">
          <reporter-output>
          </reporter-output>
        </test-method> <!-- config -->
        <test-method status="PASS" signature="initialDemo()[pri:0, instance:fr.myGroupId.ExtendedReportDemo@3fd7a715]" name="initialDemo" duration-ms="8243" started-at="2020-06-30T15:06:02 IST" finished-at="2020-06-30T15:06:10 IST">
          <reporter-output>
          </reporter-output>
        </test-method> <!-- initialDemo -->
      </class> <!-- fr.myGroupId.ExtendedReportDemo -->
    </test> <!-- Default test -->
  </suite> <!-- Default suite -->
</testng-results>
